<?xml version="1.0" encoding="UTF-8"?>
<testng-results ignored="0" total="2" passed="2" failed="0" skipped="0">
  <reporter-output>
  </reporter-output>
  <suite started-at="2020-10-27T13:24:55 IST" name="Default suite" finished-at="2020-10-27T13:24:55 IST" duration-ms="35">
    <groups>
    </groups>
    <test started-at="2020-10-27T13:24:55 IST" name="Default test" finished-at="2020-10-27T13:24:55 IST" duration-ms="35">
      <class name="Test.Day1">
        <test-method signature="Demo()[pri:0, instance:Test.Day1@6973bf95]" started-at="2020-10-27T13:24:55 IST" name="Demo" finished-at="2020-10-27T13:24:55 IST" duration-ms="5" status="PASS">
          <reporter-output>
          </reporter-output>
        </test-method> <!-- Demo -->
        <test-method signature="SecondTest()[pri:0, instance:Test.Day1@6973bf95]" started-at="2020-10-27T13:24:55 IST" name="SecondTest" finished-at="2020-10-27T13:24:55 IST" duration-ms="1" status="PASS">
          <reporter-output>
          </reporter-output>
        </test-method> <!-- SecondTest -->
        <test-method is-config="true" signature="lastexecution()[pri:0, instance:Test.Day1@6973bf95]" started-at="2020-10-27T13:24:55 IST" name="lastexecution" finished-at="2020-10-27T13:24:55 IST" duration-ms="0" status="PASS">
          <reporter-output>
          </reporter-output>
        </test-method> <!-- lastexecution -->
        <test-method is-config="true" signature="AfSuite()[pri:0, instance:Test.Day1@6973bf95]" started-at="2020-10-27T13:24:55 IST" name="AfSuite" finished-at="2020-10-27T13:24:55 IST" duration-ms="0" status="PASS">
          <reporter-output>
          </reporter-output>
        </test-method> <!-- AfSuite -->
      </class> <!-- Test.Day1 -->
    </test> <!-- Default test -->
  </suite> <!-- Default suite -->
</testng-results>
