<?xml version="1.0" encoding="UTF-8"?>
<!-- Generated by org.testng.reporters.JUnitXMLReporter -->
<testsuite ignored="2" hostname="LAPTOP-LO3V6RGG" failures="0" tests="3" name="Car Loan" time="0.009" errors="0" timestamp="2020-09-17T15:49:11 IST">
  <testcase classname="Test.Day3" name="MobileLoginCarLoan" time="0.001"/>
  <testcase classname="Test.Day3" name="MobileSignoutCarLoan" time="0.001"/>
  <testcase classname="Test.Day3" name="webloginCarLoan" time="0.002"/>
  <testcase classname="Test.Day3" name="ApicarLoan" time="0.0">
    <ignored/>
  </testcase> <!-- ApicarLoan -->
  <testcase classname="Test.Day3" name="MobileSigninCarLoan" time="0.0">
    <ignored/>
  </testcase> <!-- MobileSigninCarLoan -->
</testsuite> <!-- Car Loan -->
