<?xml version="1.0" encoding="UTF-8"?>
<testng-results ignored="0" total="1" passed="1" failed="0" skipped="0">
  <reporter-output>
  </reporter-output>
  <suite started-at="2021-06-04T20:22:25 IST" name="Default suite" finished-at="2021-06-04T20:22:37 IST" duration-ms="12683">
    <groups>
    </groups>
    <test started-at="2021-06-04T20:22:25 IST" name="Default test" finished-at="2021-06-04T20:22:37 IST" duration-ms="12683">
      <class name="Testcases.LoginApplication">
        <test-method signature="AlertMethod()[pri:0, instance:Testcases.LoginApplication@4cc8eb05]" started-at="2021-06-04T20:22:25 IST" name="AlertMethod" finished-at="2021-06-04T20:22:37 IST" duration-ms="12613" status="PASS">
          <reporter-output>
          </reporter-output>
        </test-method> <!-- AlertMethod -->
      </class> <!-- Testcases.LoginApplication -->
    </test> <!-- Default test -->
  </suite> <!-- Default suite -->
</testng-results>
