<?xml version="1.0" encoding="UTF-8"?>
<!-- Generated by org.testng.reporters.JUnitXMLReporter -->
<testsuite ignored="0" hostname="LAPTOP-LO3V6RGG" failures="0" tests="4" name="Login to Application" time="37.836" errors="0" timestamp="01 Oct 2020 08:10:38 GMT">
  <testcase classname="DataDrivenFramework.LoginFunctionalities" name="loginWithCorrectUsername" time="11.861"/>
  <testcase classname="DataDrivenFramework.LoginFunctionalities" name="loginWithCorrectUsername" time="8.34"/>
  <testcase classname="DataDrivenFramework.LoginFunctionalities" name="loginWithCorrectUsername" time="8.017"/>
  <testcase classname="DataDrivenFramework.LoginFunctionalities" name="loginWithCorrectUsername" time="9.581"/>
</testsuite> <!-- Login to Application -->
