<?xml version="1.0" encoding="UTF-8"?>
<testng-results ignored="0" total="1" passed="0" failed="1" skipped="0">
  <reporter-output>
  </reporter-output>
  <suite started-at="2021-06-02T15:22:32 IST" name="Default suite" finished-at="2021-06-02T15:22:51 IST" duration-ms="18820">
    <groups>
      <group name="Sarav">
        <method signature="MainProject.rediff()[pri:1, instance:Dhoni.MainProject@35e2d654]" name="rediff" class="Dhoni.MainProject"/>
      </group> <!-- Sarav -->
    </groups>
    <test started-at="2021-06-02T15:22:32 IST" name="Default test" finished-at="2021-06-02T15:22:51 IST" duration-ms="18820">
      <class name="Dhoni.MainProject">
        <test-method is-config="true" signature="ExtentReportsDemo()[pri:0, instance:Dhoni.MainProject@35e2d654]" started-at="2021-06-02T15:22:32 IST" name="ExtentReportsDemo" finished-at="2021-06-02T15:22:33 IST" duration-ms="517" status="PASS">
          <reporter-output>
          </reporter-output>
        </test-method> <!-- ExtentReportsDemo -->
        <test-method is-config="true" signature="openBrowser()[pri:0, instance:Dhoni.MainProject@35e2d654]" started-at="2021-06-02T15:22:33 IST" name="openBrowser" finished-at="2021-06-02T15:22:35 IST" duration-ms="2441" status="PASS">
          <reporter-output>
          </reporter-output>
        </test-method> <!-- openBrowser -->
        <test-method signature="rediff()[pri:1, instance:Dhoni.MainProject@35e2d654]" started-at="2021-06-02T15:22:35 IST" name="rediff" finished-at="2021-06-02T15:22:50 IST" duration-ms="15072" status="FAIL">
          <exception class="java.lang.Error">
            <message>
              <![CDATA[Unresolved compilation problem: 
Cannot make a static reference to the non-static field driver
]]>
            </message>
            <full-stacktrace>
              <![CDATA[java.lang.Error: Unresolved compilation problem: 
Cannot make a static reference to the non-static field driver

at Dhoni.MainProject.captureScreenshot(MainProject.java:73)
at Dhoni.MainProject.rediff(MainProject.java:106)
at java.base/jdk.internal.reflect.NativeMethodAccessorImpl.invoke0(Native Method)
at java.base/jdk.internal.reflect.NativeMethodAccessorImpl.invoke(NativeMethodAccessorImpl.java:62)
at java.base/jdk.internal.reflect.DelegatingMethodAccessorImpl.invoke(DelegatingMethodAccessorImpl.java:43)
at java.base/java.lang.reflect.Method.invoke(Method.java:564)
at org.testng.internal.MethodInvocationHelper.invokeMethod(MethodInvocationHelper.java:135)
at org.testng.internal.TestInvoker.invokeMethod(TestInvoker.java:598)
at org.testng.internal.TestInvoker.invokeTestMethod(TestInvoker.java:174)
at org.testng.internal.MethodRunner.runInSequence(MethodRunner.java:46)
at org.testng.internal.TestInvoker$MethodInvocationAgent.invoke(TestInvoker.java:821)
at org.testng.internal.TestInvoker.invokeTestMethods(TestInvoker.java:147)
at org.testng.internal.TestMethodWorker.invokeTestMethods(TestMethodWorker.java:146)
at org.testng.internal.TestMethodWorker.run(TestMethodWorker.java:128)
at java.base/java.util.ArrayList.forEach(ArrayList.java:1511)
at org.testng.TestRunner.privateRun(TestRunner.java:767)
at org.testng.TestRunner.run(TestRunner.java:588)
at org.testng.SuiteRunner.runTest(SuiteRunner.java:384)
at org.testng.SuiteRunner.runSequentially(SuiteRunner.java:378)
at org.testng.SuiteRunner.privateRun(SuiteRunner.java:337)
at org.testng.SuiteRunner.run(SuiteRunner.java:286)
at org.testng.SuiteRunnerWorker.runSuite(SuiteRunnerWorker.java:53)
at org.testng.SuiteRunnerWorker.run(SuiteRunnerWorker.java:96)
at org.testng.TestNG.runSuitesSequentially(TestNG.java:1214)
at org.testng.TestNG.runSuitesLocally(TestNG.java:1136)
at org.testng.TestNG.runSuites(TestNG.java:1066)
at org.testng.TestNG.run(TestNG.java:1034)
at org.testng.remote.AbstractRemoteTestNG.run(AbstractRemoteTestNG.java:115)
at org.testng.remote.RemoteTestNG.initAndRun(RemoteTestNG.java:251)
at org.testng.remote.RemoteTestNG.main(RemoteTestNG.java:77)
]]>
            </full-stacktrace>
          </exception> <!-- java.lang.Error -->
          <reporter-output>
          </reporter-output>
        </test-method> <!-- rediff -->
        <test-method is-config="true" signature="closeBrowser()[pri:0, instance:Dhoni.MainProject@35e2d654]" started-at="2021-06-02T15:22:50 IST" name="closeBrowser" finished-at="2021-06-02T15:22:51 IST" duration-ms="734" status="PASS">
          <reporter-output>
          </reporter-output>
        </test-method> <!-- closeBrowser -->
      </class> <!-- Dhoni.MainProject -->
    </test> <!-- Default test -->
  </suite> <!-- Default suite -->
</testng-results>
