<?xml version="1.0" encoding="UTF-8"?>
<!-- Generated by org.testng.reporters.JUnitXMLReporter -->
<testsuite ignored="8" hostname="LAPTOP-LO3V6RGG" failures="0" tests="3" name="Personal loan" time="0.046" errors="0" timestamp="2020-09-02T08:33:29 IST">
  <testcase classname="Test.Day2" name="ploan" time="0.007"/>
  <testcase classname="Test.Day3" name="MobileLoginCarLoan" time="0.001"/>
  <testcase classname="Test.Day4" name="ApiHomeLoan" time="0.001"/>
  <testcase classname="Test.Day1" name="SecondTest" time="0.0">
    <ignored/>
  </testcase> <!-- SecondTest -->
  <testcase classname="Test.Day4" name="MobileLoginHomeLoan" time="0.0">
    <ignored/>
  </testcase> <!-- MobileLoginHomeLoan -->
  <testcase classname="Test.Day1" name="Demo" time="0.0">
    <ignored/>
  </testcase> <!-- Demo -->
  <testcase classname="Test.Day3" name="ApicarLoan" time="0.0">
    <ignored/>
  </testcase> <!-- ApicarLoan -->
  <testcase classname="Test.Day4" name="webloginHomeLoan" time="0.0">
    <ignored/>
  </testcase> <!-- webloginHomeLoan -->
  <testcase classname="Test.Day3" name="MobileSigninCarLoan" time="0.0">
    <ignored/>
  </testcase> <!-- MobileSigninCarLoan -->
  <testcase classname="Test.Day3" name="webloginCarLoan" time="0.0">
    <ignored/>
  </testcase> <!-- webloginCarLoan -->
  <testcase classname="Test.Day3" name="MobileSignoutCarLoan" time="0.0">
    <ignored/>
  </testcase> <!-- MobileSignoutCarLoan -->
</testsuite> <!-- Personal loan -->
